<?xml version="1.0" encoding="UTF-8"?>
<testng-results skipped="0" failed="0" total="1" passed="1">
  <reporter-output>
  </reporter-output>
  <suite name="Default suite" duration-ms="50132" started-at="2019-01-22T13:20:34Z" finished-at="2019-01-22T13:21:24Z">
    <groups>
    </groups>
    <test name="Default test" duration-ms="50132" started-at="2019-01-22T13:20:34Z" finished-at="2019-01-22T13:21:24Z">
      <class name="NewTest">
        <test-method status="PASS" signature="beforeTest()[pri:0, instance:NewTest@6d4b1c02]" name="beforeTest" is-config="true" duration-ms="6321" started-at="2019-01-22T18:50:34Z" finished-at="2019-01-22T18:50:40Z">
          <reporter-output>
          </reporter-output>
        </test-method> <!-- beforeTest -->
        <test-method status="PASS" signature="Creating_new_General_Ledger(java.util.Hashtable)[pri:0, instance:NewTest@6d4b1c02]" name="Creating_new_General_Ledger" duration-ms="43581" started-at="2019-01-22T18:50:40Z" data-provider="getData" finished-at="2019-01-22T18:51:24Z">
          <params>
            <param index="0">
              <value>
                <![CDATA[{GLAccount=1238-02-10, Description=Test Account}]]>
              </value>
            </param>
          </params>
          <reporter-output>
          </reporter-output>
        </test-method> <!-- Creating_new_General_Ledger -->
        <test-method status="PASS" signature="afterTest()[pri:0, instance:NewTest@6d4b1c02]" name="afterTest" is-config="true" duration-ms="0" started-at="2019-01-22T18:51:24Z" finished-at="2019-01-22T18:51:24Z">
          <reporter-output>
          </reporter-output>
        </test-method> <!-- afterTest -->
      </class> <!-- NewTest -->
    </test> <!-- Default test -->
  </suite> <!-- Default suite -->
</testng-results>
